d:\projets\pullgithub\enet_test\enet\enet\debug\vc142.pdb
d:\projets\pullgithub\enet_test\enet\enet\debug\vc142.idb
d:\projets\pullgithub\enet_test\enet\enet\debug\utils.obj
d:\projets\pullgithub\enet_test\enet\enet\debug\main.obj
d:\projets\pullgithub\enet_test\enet\enet\debug\eserver.obj
d:\projets\pullgithub\enet_test\enet\enet\debug\packetdata.obj
d:\projets\pullgithub\enet_test\enet\enet\debug\enet.obj
d:\projets\pullgithub\enet_test\enet\enet\debug\eclient.obj
d:\projets\pullgithub\enet_test\enet\enet\debug\boardgameserver.obj
d:\projets\pullgithub\enet_test\enet\debug\enet.pdb
d:\projets\pullgithub\enet_test\enet\enet\debug\enet.tlog\cl.command.1.tlog
d:\projets\pullgithub\enet_test\enet\enet\debug\enet.tlog\cl.read.1.tlog
d:\projets\pullgithub\enet_test\enet\enet\debug\enet.tlog\cl.write.1.tlog
d:\projets\pullgithub\enet_test\enet\enet\debug\enet.tlog\link-cvtres.read.1.tlog
d:\projets\pullgithub\enet_test\enet\enet\debug\enet.tlog\link-cvtres.write.1.tlog
d:\projets\pullgithub\enet_test\enet\enet\debug\enet.tlog\link-rc.read.1.tlog
d:\projets\pullgithub\enet_test\enet\enet\debug\enet.tlog\link-rc.write.1.tlog
d:\projets\pullgithub\enet_test\enet\enet\debug\enet.tlog\link.command.1.tlog
d:\projets\pullgithub\enet_test\enet\enet\debug\enet.tlog\link.read.1.tlog
d:\projets\pullgithub\enet_test\enet\enet\debug\enet.tlog\link.write.1.tlog
